<?xml version="1.0" encoding="UTF-8"?>
<!-- Generated by org.testng.reporters.JUnitReportReporter -->
<testsuite hostname="LIN-PF1PDP1B" failures="0" tests="1" name="com.restassured.restassured.ExcelReaderTest1" time="2.764" errors="0" timestamp="2024-05-21T09:52:43 IST" skipped="0">
  <testcase classname="com.restassured.restassured.ExcelReaderTest1" name="addData" time="2.764"/>
</testsuite> <!-- com.restassured.restassured.ExcelReaderTest1 -->
