<?xml version="1.0" encoding="UTF-8"?>
<!-- Generated by org.testng.reporters.JUnitReportReporter -->
<testsuite hostname="LIN-PF1PDP1B" failures="0" tests="4" name="com.restassured.restassured.Buildinpathreports" time="7.826" errors="0" timestamp="2024-05-21T21:22:11 IST" skipped="0">
  <testcase classname="com.restassured.restassured.Buildinpathreports" name="addData" time="4.958"/>
  <testcase classname="com.restassured.restassured.Buildinpathreports" name="addData" time="0.550"/>
  <testcase classname="com.restassured.restassured.Buildinpathreports" name="addData" time="1.307"/>
  <testcase classname="com.restassured.restassured.Buildinpathreports" name="addData" time="1.011"/>
</testsuite> <!-- com.restassured.restassured.Buildinpathreports -->
