<?xml version="1.0" encoding="UTF-8"?>
<!-- Generated by org.testng.reporters.JUnitReportReporter -->
<testsuite hostname="LIN-PF1PDP1B" failures="0" tests="1" name="com.restassured.restassured.TestNGTest1" time="0.011" errors="0" timestamp="2024-05-15T16:49:57 IST" skipped="0">
  <testcase classname="com.restassured.restassured.TestNGTest1" name="f" time="0.011"/>
</testsuite> <!-- com.restassured.restassured.TestNGTest1 -->
