<?xml version="1.0" encoding="UTF-8"?>
<!-- Generated by org.testng.reporters.JUnitReportReporter -->
<testsuite hostname="LIN-PF1PDP1B" failures="0" tests="3" name="TestRunner.Testrunner1" time="3.592" errors="0" timestamp="2024-05-27T15:43:09 IST" skipped="0">
  <testcase classname="TestRunner.Testrunner1" name="runScenario" time="2.694"/>
  <testcase classname="TestRunner.Testrunner1" name="runScenario" time="0.483"/>
  <testcase classname="TestRunner.Testrunner1" name="runScenario" time="0.415"/>
</testsuite> <!-- TestRunner.Testrunner1 -->
