<?xml version="1.0" encoding="UTF-8"?>
<!-- Generated by org.testng.reporters.JUnitReportReporter -->
<testsuite hostname="LIN-PF1PDP1B" failures="0" tests="2" name="com.restassured.restassured.Testingparameter" time="2.744" errors="0" timestamp="2024-05-17T14:42:11 IST" skipped="0">
  <testcase classname="com.restassured.restassured.Testingparameter" name="addData" time="0.590"/>
  <testcase classname="com.restassured.restassured.Testingparameter" name="addData" time="2.154"/>
</testsuite> <!-- com.restassured.restassured.Testingparameter -->
