<?xml version="1.0" encoding="UTF-8"?>
<!-- Generated by org.testng.reporters.JUnitReportReporter -->
<testsuite hostname="LIN-PF1PDP1B" failures="0" tests="1" name="objRepo.ObjectRepoTest" time="2.274" errors="0" timestamp="2024-05-17T16:22:05 IST" skipped="0">
  <testcase classname="objRepo.ObjectRepoTest" name="addData" time="2.274"/>
</testsuite> <!-- objRepo.ObjectRepoTest -->
