<?xml version="1.0" encoding="UTF-8"?>
<!-- Generated by org.testng.reporters.JUnitReportReporter -->
<testsuite hostname="LIN-PF1PDP1B" failures="0" tests="4" name="com.restassured.restassured.ExcelReaderTest2" time="3.361" errors="0" timestamp="2024-05-21T16:27:45 IST" skipped="0">
  <testcase classname="com.restassured.restassured.ExcelReaderTest2" name="addData" time="0.393"/>
  <testcase classname="com.restassured.restassured.ExcelReaderTest2" name="addData" time="0.382"/>
  <testcase classname="com.restassured.restassured.ExcelReaderTest2" name="addData" time="0.400"/>
  <testcase classname="com.restassured.restassured.ExcelReaderTest2" name="addData" time="2.186"/>
</testsuite> <!-- com.restassured.restassured.ExcelReaderTest2 -->
