<?xml version="1.0" encoding="UTF-8"?>
<!-- Generated by org.testng.reporters.JUnitReportReporter -->
<testsuite hostname="LIN-PF1PDP1B" failures="0" tests="1" name="com.restassured.restassured.TestNGTest2" time="0.006" errors="0" timestamp="2024-05-15T16:53:19 IST" skipped="0">
  <testcase classname="com.restassured.restassured.TestNGTest2" name="f" time="0.006"/>
</testsuite> <!-- com.restassured.restassured.TestNGTest2 -->
