<?xml version="1.0" encoding="UTF-8"?>
<!-- Generated by org.testng.reporters.JUnitReportReporter -->
<testsuite hostname="LIN-PF1PDP1B" failures="0" tests="3" name="com.restassured.restassured.DataProviderTest" time="3.890" errors="0" timestamp="2024-05-17T09:03:30 IST" skipped="0">
  <testcase classname="com.restassured.restassured.DataProviderTest" name="addData" time="0.411"/>
  <testcase classname="com.restassured.restassured.DataProviderTest" name="addData" time="0.484"/>
  <testcase classname="com.restassured.restassured.DataProviderTest" name="addData" time="2.995"/>
</testsuite> <!-- com.restassured.restassured.DataProviderTest -->
